  ConcurrentServer.cpp
D:\Программирование сетевых приложений\Последняя лабораторная\PBSP_Labs8_10\ConcurrentServer\ConcurrentServer\ConcurrentServer.cpp(73,3): warning C4996: 'strcpy': This function or variable may be unsafe. Consider using strcpy_s instead. To disable deprecation, use _CRT_SECURE_NO_WARNINGS. See online help for details.
D:\Программирование сетевых приложений\Последняя лабораторная\PBSP_Labs8_10\ConcurrentServer\ConcurrentServer\ConcurrentServer.cpp(80,3): warning C4996: 'strcpy': This function or variable may be unsafe. Consider using strcpy_s instead. To disable deprecation, use _CRT_SECURE_NO_WARNINGS. See online help for details.
D:\Программирование сетевых приложений\Последняя лабораторная\PBSP_Labs8_10\ConcurrentServer\ConcurrentServer\ConcurrentServer.cpp(172,11): warning C4477: "printf": в строке форматирования "%d" требуется аргумент типа "int", но вариативный аргумент "1" имеет тип "unsigned __int64"
D:\Программирование сетевых приложений\Последняя лабораторная\PBSP_Labs8_10\ConcurrentServer\ConcurrentServer\ConcurrentServer.cpp(172,11): message : рекомендуется использовать "%zd" в строке форматирования
D:\Программирование сетевых приложений\Последняя лабораторная\PBSP_Labs8_10\ConcurrentServer\ConcurrentServer\ConcurrentServer.cpp(184,11): warning C4477: "printf": в строке форматирования "%d" требуется аргумент типа "int", но вариативный аргумент "1" имеет тип "unsigned __int64"
D:\Программирование сетевых приложений\Последняя лабораторная\PBSP_Labs8_10\ConcurrentServer\ConcurrentServer\ConcurrentServer.cpp(184,11): message : рекомендуется использовать "%zd" в строке форматирования
D:\Программирование сетевых приложений\Последняя лабораторная\PBSP_Labs8_10\ConcurrentServer\ConcurrentServer\ConcurrentServer.cpp(289,1): warning C4477: "sprintf": в строке форматирования "%d" требуется аргумент типа "int", но вариативный аргумент "4" имеет тип "unsigned __int64"
D:\Программирование сетевых приложений\Последняя лабораторная\PBSP_Labs8_10\ConcurrentServer\ConcurrentServer\ConcurrentServer.cpp(289,1): message : рекомендуется использовать "%zd" в строке форматирования
D:\Программирование сетевых приложений\Последняя лабораторная\PBSP_Labs8_10\ConcurrentServer\ConcurrentServer\ConcurrentServer.cpp(298,61): warning C4267: аргумент: преобразование из "size_t" в "DWORD"; возможна потеря данных
D:\Программирование сетевых приложений\Последняя лабораторная\PBSP_Labs8_10\ConcurrentServer\ConcurrentServer\ConcurrentServer.cpp(251,3): warning C4996: 'sprintf': This function or variable may be unsafe. Consider using sprintf_s instead. To disable deprecation, use _CRT_SECURE_NO_WARNINGS. See online help for details.
D:\Программирование сетевых приложений\Последняя лабораторная\PBSP_Labs8_10\ConcurrentServer\ConcurrentServer\ConcurrentServer.cpp(288,6): warning C4996: 'sprintf': This function or variable may be unsafe. Consider using sprintf_s instead. To disable deprecation, use _CRT_SECURE_NO_WARNINGS. See online help for details.
D:\Программирование сетевых приложений\Последняя лабораторная\PBSP_Labs8_10\ConcurrentServer\ConcurrentServer\ConcurrentServer.cpp(336,32): warning C4267: =: преобразование из "size_t" в "int"; возможна потеря данных
D:\Программирование сетевых приложений\Последняя лабораторная\PBSP_Labs8_10\ConcurrentServer\ConcurrentServer\ConcurrentServer.cpp(353,57): warning C4267: аргумент: преобразование из "size_t" в "int"; возможна потеря данных
D:\Программирование сетевых приложений\Последняя лабораторная\PBSP_Labs8_10\ConcurrentServer\ConcurrentServer\ConcurrentServer.cpp(385,11): warning C4267: аргумент: преобразование из "size_t" в "int"; возможна потеря данных
D:\Программирование сетевых приложений\Последняя лабораторная\PBSP_Labs8_10\ConcurrentServer\ConcurrentServer\ConcurrentServer.cpp(397,11): warning C4267: аргумент: преобразование из "size_t" в "int"; возможна потеря данных
D:\Программирование сетевых приложений\Последняя лабораторная\PBSP_Labs8_10\ConcurrentServer\ConcurrentServer\ConcurrentServer.cpp(382,7): warning C4996: 'strcpy': This function or variable may be unsafe. Consider using strcpy_s instead. To disable deprecation, use _CRT_SECURE_NO_WARNINGS. See online help for details.
D:\Программирование сетевых приложений\Последняя лабораторная\PBSP_Labs8_10\ConcurrentServer\ConcurrentServer\ConcurrentServer.cpp(496,102): warning C4996: 'inet_ntoa': Use inet_ntop() or InetNtop() instead or define _WINSOCK_DEPRECATED_NO_WARNINGS to disable deprecated API warnings
D:\Программирование сетевых приложений\Последняя лабораторная\PBSP_Labs8_10\ConcurrentServer\ConcurrentServer\ConcurrentServer.cpp(520,3): warning C4996: 'strcpy': This function or variable may be unsafe. Consider using strcpy_s instead. To disable deprecation, use _CRT_SECURE_NO_WARNINGS. See online help for details.
D:\Программирование сетевых приложений\Последняя лабораторная\PBSP_Labs8_10\ConcurrentServer\ConcurrentServer\ConcurrentServer.cpp(524,3): warning C4996: 'strcpy': This function or variable may be unsafe. Consider using strcpy_s instead. To disable deprecation, use _CRT_SECURE_NO_WARNINGS. See online help for details.
D:\Программирование сетевых приложений\Последняя лабораторная\PBSP_Labs8_10\ConcurrentServer\ConcurrentServer\ConcurrentServer.cpp(525,3): warning C4996: 'strcpy': This function or variable may be unsafe. Consider using strcpy_s instead. To disable deprecation, use _CRT_SECURE_NO_WARNINGS. See online help for details.
D:\Программирование сетевых приложений\Последняя лабораторная\PBSP_Labs8_10\ConcurrentServer\ConcurrentServer\ConcurrentServer.cpp(529,3): warning C4996: 'strcpy': This function or variable may be unsafe. Consider using strcpy_s instead. To disable deprecation, use _CRT_SECURE_NO_WARNINGS. See online help for details.
D:\Программирование сетевых приложений\Последняя лабораторная\PBSP_Labs8_10\ConcurrentServer\ConcurrentServer\ConcurrentServer.cpp(530,3): warning C4996: 'strcpy': This function or variable may be unsafe. Consider using strcpy_s instead. To disable deprecation, use _CRT_SECURE_NO_WARNINGS. See online help for details.
D:\Программирование сетевых приложений\Последняя лабораторная\PBSP_Labs8_10\ConcurrentServer\ConcurrentServer\ConcurrentServer.cpp(234): warning C4715: set_param: значение возвращается не при всех путях выполнения
  ConcurrentServer.vcxproj -> D:\Программирование сетевых приложений\Последняя лабораторная\PBSP_Labs8_10\ConcurrentServer\x64\Debug\ConcurrentServer.exe
