  stdafx.cpp
  dllmain.cpp
D:\Программирование сетевых приложений\Последняя лабораторная\PBSP_Labs8_10\Win32Project1\Win32Project1\dllmain.cpp(2,9): warning C4616: предупреждение #pragma: предупреждение с номером "2664" не является действительным предупреждением компилятора
D:\Программирование сетевых приложений\Последняя лабораторная\PBSP_Labs8_10\Win32Project1\Win32Project1\dllmain.cpp(2,31): warning C4081: требуется "newline"; обнаружен ";"
D:\Программирование сетевых приложений\Последняя лабораторная\PBSP_Labs8_10\Win32Project1\Win32Project1\PrototypeService.h(34,3): warning C4996: 'strcpy': This function or variable may be unsafe. Consider using strcpy_s instead. To disable deprecation, use _CRT_SECURE_NO_WARNINGS. See online help for details.
D:\Программирование сетевых приложений\Последняя лабораторная\PBSP_Labs8_10\Win32Project1\Win32Project1\PrototypeService.h(41,3): warning C4996: 'strcpy': This function or variable may be unsafe. Consider using strcpy_s instead. To disable deprecation, use _CRT_SECURE_NO_WARNINGS. See online help for details.
D:\Программирование сетевых приложений\Последняя лабораторная\PBSP_Labs8_10\Win32Project1\Win32Project1\PrototypeService.h(51,13): warning C4996: 'localtime': This function or variable may be unsafe. Consider using localtime_s instead. To disable deprecation, use _CRT_SECURE_NO_WARNINGS. See online help for details.
D:\Программирование сетевых приложений\Последняя лабораторная\PBSP_Labs8_10\Win32Project1\Win32Project1\PrototypeService.h(87,3): error C2664: "void QueueUserAPCWrapper(PAPCFUNC,Contact *)": невозможно преобразовать аргумент 1 из "void (__cdecl *)(DWORD)" в "PAPCFUNC"
D:\Программирование сетевых приложений\Последняя лабораторная\PBSP_Labs8_10\Win32Project1\Win32Project1\PrototypeService.h(87,23): message : Конечному типу не соответствует ни одной функции с данным именем в области видимости
D:\Программирование сетевых приложений\Последняя лабораторная\PBSP_Labs8_10\Win32Project1\Win32Project1\PrototypeService.h(70,6): message : см. объявление "QueueUserAPCWrapper"
D:\Программирование сетевых приложений\Последняя лабораторная\PBSP_Labs8_10\Win32Project1\Win32Project1\PrototypeService.h(87,3): message : при попытке сопоставить список аргументов "(overloaded-function, Contact *)"
D:\Программирование сетевых приложений\Последняя лабораторная\PBSP_Labs8_10\Win32Project1\Win32Project1\PrototypeService.h(114,3): error C2664: "void QueueUserAPCWrapper(PAPCFUNC,Contact *)": невозможно преобразовать аргумент 1 из "void (__cdecl *)(DWORD)" в "PAPCFUNC"
D:\Программирование сетевых приложений\Последняя лабораторная\PBSP_Labs8_10\Win32Project1\Win32Project1\PrototypeService.h(114,23): message : Конечному типу не соответствует ни одной функции с данным именем в области видимости
D:\Программирование сетевых приложений\Последняя лабораторная\PBSP_Labs8_10\Win32Project1\Win32Project1\PrototypeService.h(70,6): message : см. объявление "QueueUserAPCWrapper"
D:\Программирование сетевых приложений\Последняя лабораторная\PBSP_Labs8_10\Win32Project1\Win32Project1\PrototypeService.h(114,3): message : при попытке сопоставить список аргументов "(overloaded-function, Contact *)"
D:\Программирование сетевых приложений\Последняя лабораторная\PBSP_Labs8_10\Win32Project1\Win32Project1\PrototypeService.h(129,2): error C2664: "void QueueUserAPCWrapper(PAPCFUNC,Contact *)": невозможно преобразовать аргумент 1 из "void (__cdecl *)(DWORD)" в "PAPCFUNC"
D:\Программирование сетевых приложений\Последняя лабораторная\PBSP_Labs8_10\Win32Project1\Win32Project1\PrototypeService.h(129,22): message : Конечному типу не соответствует ни одной функции с данным именем в области видимости
D:\Программирование сетевых приложений\Последняя лабораторная\PBSP_Labs8_10\Win32Project1\Win32Project1\PrototypeService.h(70,6): message : см. объявление "QueueUserAPCWrapper"
D:\Программирование сетевых приложений\Последняя лабораторная\PBSP_Labs8_10\Win32Project1\Win32Project1\PrototypeService.h(129,2): message : при попытке сопоставить список аргументов "(overloaded-function, Contact *)"
D:\Программирование сетевых приложений\Последняя лабораторная\PBSP_Labs8_10\Win32Project1\Win32Project1\PrototypeService.h(91,3): warning C4996: 'strcpy': This function or variable may be unsafe. Consider using strcpy_s instead. To disable deprecation, use _CRT_SECURE_NO_WARNINGS. See online help for details.
D:\Программирование сетевых приложений\Последняя лабораторная\PBSP_Labs8_10\Win32Project1\Win32Project1\PrototypeService.h(141,2): error C2664: "void QueueUserAPCWrapper(PAPCFUNC,Contact *)": невозможно преобразовать аргумент 1 из "void (__cdecl *)(DWORD)" в "PAPCFUNC"
D:\Программирование сетевых приложений\Последняя лабораторная\PBSP_Labs8_10\Win32Project1\Win32Project1\PrototypeService.h(141,22): message : Конечному типу не соответствует ни одной функции с данным именем в области видимости
D:\Программирование сетевых приложений\Последняя лабораторная\PBSP_Labs8_10\Win32Project1\Win32Project1\PrototypeService.h(70,6): message : см. объявление "QueueUserAPCWrapper"
D:\Программирование сетевых приложений\Последняя лабораторная\PBSP_Labs8_10\Win32Project1\Win32Project1\PrototypeService.h(141,2): message : при попытке сопоставить список аргументов "(overloaded-function, Contact *)"
D:\Программирование сетевых приложений\Последняя лабораторная\PBSP_Labs8_10\Win32Project1\Win32Project1\PrototypeService.h(150,2): error C2664: "void QueueUserAPCWrapper(PAPCFUNC,Contact *)": невозможно преобразовать аргумент 1 из "void (__cdecl *)(DWORD)" в "PAPCFUNC"
D:\Программирование сетевых приложений\Последняя лабораторная\PBSP_Labs8_10\Win32Project1\Win32Project1\PrototypeService.h(150,22): message : Конечному типу не соответствует ни одной функции с данным именем в области видимости
D:\Программирование сетевых приложений\Последняя лабораторная\PBSP_Labs8_10\Win32Project1\Win32Project1\PrototypeService.h(70,6): message : см. объявление "QueueUserAPCWrapper"
D:\Программирование сетевых приложений\Последняя лабораторная\PBSP_Labs8_10\Win32Project1\Win32Project1\PrototypeService.h(150,2): message : при попытке сопоставить список аргументов "(overloaded-function, Contact *)"
D:\Программирование сетевых приложений\Последняя лабораторная\PBSP_Labs8_10\Win32Project1\Win32Project1\PrototypeService.h(142,2): warning C4996: 'strcpy': This function or variable may be unsafe. Consider using strcpy_s instead. To disable deprecation, use _CRT_SECURE_NO_WARNINGS. See online help for details.
D:\Программирование сетевых приложений\Последняя лабораторная\PBSP_Labs8_10\Win32Project1\Win32Project1\PrototypeService.h(160,2): error C2664: "void QueueUserAPCWrapper(PAPCFUNC,Contact *)": невозможно преобразовать аргумент 1 из "void (__cdecl *)(DWORD)" в "PAPCFUNC"
D:\Программирование сетевых приложений\Последняя лабораторная\PBSP_Labs8_10\Win32Project1\Win32Project1\PrototypeService.h(160,22): message : Конечному типу не соответствует ни одной функции с данным именем в области видимости
D:\Программирование сетевых приложений\Последняя лабораторная\PBSP_Labs8_10\Win32Project1\Win32Project1\PrototypeService.h(70,6): message : см. объявление "QueueUserAPCWrapper"
D:\Программирование сетевых приложений\Последняя лабораторная\PBSP_Labs8_10\Win32Project1\Win32Project1\PrototypeService.h(160,2): message : при попытке сопоставить список аргументов "(overloaded-function, Contact *)"
D:\Программирование сетевых приложений\Последняя лабораторная\PBSP_Labs8_10\Win32Project1\Win32Project1\PrototypeService.h(161,12): warning C4244: аргумент: преобразование "time_t" в "unsigned int", возможна потеря данных
D:\Программирование сетевых приложений\Последняя лабораторная\PBSP_Labs8_10\Win32Project1\Win32Project1\PrototypeService.h(172,2): error C2664: "void QueueUserAPCWrapper(PAPCFUNC,Contact *)": невозможно преобразовать аргумент 1 из "void (__cdecl *)(DWORD)" в "PAPCFUNC"
D:\Программирование сетевых приложений\Последняя лабораторная\PBSP_Labs8_10\Win32Project1\Win32Project1\PrototypeService.h(172,22): message : Конечному типу не соответствует ни одной функции с данным именем в области видимости
D:\Программирование сетевых приложений\Последняя лабораторная\PBSP_Labs8_10\Win32Project1\Win32Project1\PrototypeService.h(70,6): message : см. объявление "QueueUserAPCWrapper"
D:\Программирование сетевых приложений\Последняя лабораторная\PBSP_Labs8_10\Win32Project1\Win32Project1\PrototypeService.h(172,2): message : при попытке сопоставить список аргументов "(overloaded-function, Contact *)"
D:\Программирование сетевых приложений\Последняя лабораторная\PBSP_Labs8_10\Win32Project1\Win32Project1\PrototypeService.h(164,2): warning C4996: 'sprintf': This function or variable may be unsafe. Consider using sprintf_s instead. To disable deprecation, use _CRT_SECURE_NO_WARNINGS. See online help for details.
